{
  "RSpec": {
    "coverage": {
      "/Users/abidelrosario/Projects/SP/test/lib/serverlog.rb": {
        "lines": [
          1,
          1,
          1,
          null,
          1,
          6,
          null,
          null,
          1,
          3,
          1500,
          1500,
          null,
          null,
          3,
          null,
          3,
          7515,
          null,
          null,
          15,
          null,
          null,
          null,
          null,
          3,
          null,
          null,
          1,
          3,
          1500,
          1500,
          null,
          null,
          3,
          null,
          3,
          9018,
          null,
          null,
          18,
          null,
          null,
          null,
          null,
          3,
          null,
          null,
          1,
          null,
          1,
          8,
          8,
          44,
          44,
          null,
          null,
          8,
          null,
          null,
          1,
          65,
          null,
          null,
          null
        ]
      },
      "/Users/abidelrosario/Projects/SP/test/spec/web_page_analytics_spec.rb": {
        "lines": [
          1,
          1,
          null,
          1,
          null,
          1,
          1,
          null,
          1,
          null,
          1,
          null,
          null,
          null,
          1,
          1,
          null,
          1,
          null,
          1,
          null,
          null,
          null
        ]
      },
      "/Users/abidelrosario/Projects/SP/test/web_page_analytics.rb": {
        "lines": [
          1,
          null,
          1,
          1,
          null,
          null,
          1,
          1,
          null,
          0,
          null,
          null,
          null,
          1,
          1,
          null,
          null,
          null
        ]
      }
    },
    "timestamp": 1662349241
  }
}
