{
  "RSpec": {
    "coverage": {
      "/Users/abidelrosario/Desktop/SP/Test/ruby_app/spec/web_page_analytics_spec.rb": {
        "lines": [
          1,
          1,
          null,
          1,
          null,
          1,
          1,
          null,
          1,
          null,
          1,
          null,
          null,
          null,
          1,
          1,
          null,
          1,
          null,
          1,
          null,
          null,
          null
        ]
      },
      "/Users/abidelrosario/Desktop/SP/Test/ruby_app/web_page_analytics.rb": {
        "lines": [
          1,
          null,
          1,
          1,
          null,
          null,
          1,
          1,
          null,
          0,
          null,
          null,
          null,
          1,
          1,
          null,
          null,
          null
        ]
      },
      "/Users/abidelrosario/Desktop/SP/Test/ruby_app/lib/serverlog.rb": {
        "lines": [
          1,
          1,
          1,
          null,
          1,
          2,
          null,
          null,
          1,
          1,
          500,
          500,
          null,
          null,
          1,
          null,
          1,
          2505,
          null,
          null,
          5,
          null,
          null,
          null,
          null,
          1,
          null,
          null,
          1,
          1,
          500,
          500,
          null,
          null,
          1,
          null,
          1,
          3006,
          null,
          null,
          6,
          null,
          null,
          null,
          null,
          1,
          null,
          null,
          1,
          null,
          1,
          2,
          2,
          11,
          11,
          null,
          null,
          2,
          null,
          null,
          1,
          13,
          null,
          null,
          null
        ]
      }
    },
    "timestamp": 1662309289
  }
}
